          ok  Starting native_osx for sync curemint-sync
          ok  curemint-sync container still running, restarting unison in container
unison: stopped
unison: started
     success  Sync container started
     success  Showing unison logs from your sync container: curemint-sync
[2019-05-30 19:35:12 +0530] Sync Log:  UNISON 2.51.2 (OCAML 4.06.1) started propagating changes at 19:35:12.72 on 30 May 2019
[2019-05-30 19:35:12 +0530] Sync Log:  [BGN] Copying .docker-sync/daemon.log from /host_sync to /app_sync
[2019-05-30 19:35:12 +0530] Sync Log:  [END] Copying .docker-sync/daemon.log
[2019-05-30 19:35:12 +0530] Sync Log:  [BGN] Copying .docker-sync/daemon.pid from /host_sync to /app_sync
[2019-05-30 19:35:12 +0530] Sync Log:  [END] Copying .docker-sync/daemon.pid
[2019-05-30 19:35:12 +0530] Sync Log:  [BGN] Copying db/152c737268ac.pid from /host_sync to /app_sync
[2019-05-30 19:35:12 +0530] Sync Log:  [END] Copying db/152c737268ac.pid
[2019-05-30 19:35:12 +0530] Sync Log:  [BGN] Copying db/aria_log.00000001 from /host_sync to /app_sync
[2019-05-30 19:35:12 +0530] Sync Log:  [END] Copying db/aria_log.00000001
[2019-05-30 19:35:12 +0530] Sync Log:  [BGN] Copying db/aria_log_control from /host_sync to /app_sync
[2019-05-30 19:35:12 +0530] Sync Log:  [END] Copying db/aria_log_control
[2019-05-30 19:35:12 +0530] Sync Log:  [BGN] Copying db/drupal from /host_sync to /app_sync
[2019-05-30 19:35:12 +0530] Sync Log:  [END] Copying db/drupal
[2019-05-30 19:35:12 +0530] Sync Log:  [BGN] Copying db/ib_logfile0 from /host_sync to /app_sync
[2019-05-30 19:35:13 +0530] Sync Log:  [END] Copying db/ib_logfile0
[2019-05-30 19:35:13 +0530] Sync Log:  [BGN] Copying db/ib_logfile1 from /host_sync to /app_sync
[2019-05-30 19:35:14 +0530] Sync Log:  [END] Copying db/ib_logfile1
[2019-05-30 19:35:14 +0530] Sync Log:  [BGN] Copying db/ibdata1 from /host_sync to /app_sync
[2019-05-30 19:35:14 +0530] Sync Log:  [END] Copying db/ibdata1
[2019-05-30 19:35:14 +0530] Sync Log:  [BGN] Copying db/multi-master.info from /host_sync to /app_sync
[2019-05-30 19:35:14 +0530] Sync Log:  [END] Copying db/multi-master.info
[2019-05-30 19:35:14 +0530] Sync Log:  [BGN] Copying db/mysql from /host_sync to /app_sync
[2019-05-30 19:35:14 +0530] Sync Log:  [END] Copying db/mysql
[2019-05-30 19:35:14 +0530] Sync Log:  [BGN] Copying db/performance_schema from /host_sync to /app_sync
[2019-05-30 19:35:14 +0530] Sync Log:  [END] Copying db/performance_schema
[2019-05-30 19:35:14 +0530] Sync Log:  [BGN] Copying db/tc.log from /host_sync to /app_sync
[2019-05-30 19:35:14 +0530] Sync Log:  [END] Copying db/tc.log
[2019-05-30 19:35:14 +0530] Sync Log:  UNISON 2.51.2 (OCAML 4.06.1) finished propagating changes at 19:35:14.71 on 30 May 2019
[2019-05-30 19:35:14 +0530] Sync Log:  Synchronization complete at 19:35:14  (13 items transferred, 0 skipped, 0 failed)
[2019-05-30 19:45:30 +0530] Sync Log:  UNISON 2.51.2 (OCAML 4.06.1) started propagating changes at 19:45:30.22 on 30 May 2019
[2019-05-30 19:45:30 +0530] Sync Log:  [BGN] Updating file docker-compose.yml from /host_sync to /app_sync
[2019-05-30 19:45:30 +0530] Sync Log:  [END] Updating file docker-compose.yml
[2019-05-30 19:45:30 +0530] Sync Log:  UNISON 2.51.2 (OCAML 4.06.1) finished propagating changes at 19:45:30.22 on 30 May 2019
[2019-05-30 19:45:30 +0530] Sync Log:  Synchronization complete at 19:45:30  (1 item transferred, 0 skipped, 0 failed)
[2019-05-30 19:45:45 +0530] Sync Log:  UNISON 2.51.2 (OCAML 4.06.1) started propagating changes at 19:45:45.77 on 30 May 2019
[2019-05-30 19:45:45 +0530] Sync Log:  [BGN] Updating file docker-compose.yml from /host_sync to /app_sync
[2019-05-30 19:45:45 +0530] Sync Log:  [END] Updating file docker-compose.yml
[2019-05-30 19:45:45 +0530] Sync Log:  UNISON 2.51.2 (OCAML 4.06.1) finished propagating changes at 19:45:45.77 on 30 May 2019
[2019-05-30 19:45:45 +0530] Sync Log:  Synchronization complete at 19:45:45  (1 item transferred, 0 skipped, 0 failed)
[2019-05-30 19:46:40 +0530] Sync Log:  UNISON 2.51.2 (OCAML 4.06.1) started propagating changes at 19:46:40.30 on 30 May 2019
[2019-05-30 19:46:40 +0530] Sync Log:  [BGN] Updating file db/ibdata1 from /host_sync to /app_sync
[2019-05-30 19:46:41 +0530] Sync Log:  [END] Updating file db/ibdata1
[2019-05-30 19:46:41 +0530] Sync Log:  UNISON 2.51.2 (OCAML 4.06.1) finished propagating changes at 19:46:41.22 on 30 May 2019
[2019-05-30 19:46:41 +0530] Sync Log:  Synchronization complete at 19:46:41  (1 item transferred, 0 skipped, 0 failed)
[2019-05-30 19:46:42 +0530] Sync Log:  UNISON 2.51.2 (OCAML 4.06.1) started propagating changes at 19:46:42.31 on 30 May 2019
[2019-05-30 19:46:42 +0530] Sync Log:  [BGN] Updating file db/aria_log.00000001 from /host_sync to /app_sync
[2019-05-30 19:46:42 +0530] Sync Log:  [END] Updating file db/aria_log.00000001
[2019-05-30 19:46:42 +0530] Sync Log:  [BGN] Updating file db/aria_log_control from /host_sync to /app_sync
[2019-05-30 19:46:42 +0530] Sync Log:  [END] Updating file db/aria_log_control
[2019-05-30 19:46:42 +0530] Sync Log:  [BGN] Deleting db/152c737268ac.pid from /app_sync
[2019-05-30 19:46:42 +0530] Sync Log:  [END] Deleting db/152c737268ac.pid
[2019-05-30 19:46:42 +0530] Sync Log:  [BGN] Deleting db/tc.log from /app_sync
[2019-05-30 19:46:42 +0530] Sync Log:  [END] Deleting db/tc.log
[2019-05-30 19:46:42 +0530] Sync Log:  UNISON 2.51.2 (OCAML 4.06.1) finished propagating changes at 19:46:42.32 on 30 May 2019
[2019-05-30 19:46:42 +0530] Sync Log:  Synchronization complete at 19:46:42  (4 items transferred, 0 skipped, 0 failed)
[2019-05-30 19:47:08 +0530] Sync Log:  UNISON 2.51.2 (OCAML 4.06.1) started propagating changes at 19:47:08.84 on 30 May 2019
[2019-05-30 19:47:08 +0530] Sync Log:  [BGN] Copying db/47148244bb19.pid from /host_sync to /app_sync
[2019-05-30 19:47:08 +0530] Sync Log:  [END] Copying db/47148244bb19.pid
[2019-05-30 19:47:08 +0530] Sync Log:  [BGN] Updating file db/ib_logfile0 from /host_sync to /app_sync
[2019-05-30 19:47:10 +0530] Sync Log:  [END] Updating file db/ib_logfile0
[2019-05-30 19:47:10 +0530] Sync Log:  [BGN] Updating file db/ibdata1 from /host_sync to /app_sync
[2019-05-30 19:47:10 +0530] Sync Log:  [END] Updating file db/ibdata1
[2019-05-30 19:47:10 +0530] Sync Log:  [BGN] Copying db/tc.log from /host_sync to /app_sync
[2019-05-30 19:47:10 +0530] Sync Log:  [END] Copying db/tc.log
[2019-05-30 19:47:10 +0530] Sync Log:  UNISON 2.51.2 (OCAML 4.06.1) finished propagating changes at 19:47:10.82 on 30 May 2019
[2019-05-30 19:47:10 +0530] Sync Log:  Synchronization complete at 19:47:10  (4 items transferred, 0 skipped, 0 failed)
[2019-05-31 17:21:03 +0530] Sync Log:  UNISON 2.51.2 (OCAML 4.06.1) started propagating changes at 17:21:02.65 on 31 May 2019
[2019-05-31 17:21:03 +0530] Sync Log:  [BGN] Updating file .DS_Store from /host_sync to /app_sync
[2019-05-31 17:21:03 +0530] Sync Log:  [END] Updating file .DS_Store
[2019-05-31 17:21:03 +0530] Sync Log:  UNISON 2.51.2 (OCAML 4.06.1) finished propagating changes at 17:21:02.68 on 31 May 2019
[2019-05-31 17:21:03 +0530] Sync Log:  Synchronization complete at 17:21:02  (1 item transferred, 0 skipped, 0 failed)
[2019-05-31 17:21:07 +0530] Sync Log:  UNISON 2.51.2 (OCAML 4.06.1) started propagating changes at 17:21:06.43 on 31 May 2019
[2019-05-31 17:21:07 +0530] Sync Log:  [BGN] Updating file .DS_Store from /host_sync to /app_sync
[2019-05-31 17:21:07 +0530] Sync Log:  [END] Updating file .DS_Store
[2019-05-31 17:21:07 +0530] Sync Log:  UNISON 2.51.2 (OCAML 4.06.1) finished propagating changes at 17:21:06.44 on 31 May 2019
[2019-05-31 17:21:07 +0530] Sync Log:  Synchronization complete at 17:21:06  (1 item transferred, 0 skipped, 0 failed)
[2019-05-31 17:21:10 +0530] Sync Log:  UNISON 2.51.2 (OCAML 4.06.1) started propagating changes at 17:21:09.26 on 31 May 2019
[2019-05-31 17:21:10 +0530] Sync Log:  [BGN] Copying db/curemint_live_2019-05-18T01-00-00_UTC_database.sql from /host_sync to /app_sync
[2019-05-31 17:21:10 +0530] Sync Log:  [END] Copying db/curemint_live_2019-05-18T01-00-00_UTC_database.sql
[2019-05-31 17:21:10 +0530] Sync Log:  UNISON 2.51.2 (OCAML 4.06.1) finished propagating changes at 17:21:09.59 on 31 May 2019
[2019-05-31 17:21:10 +0530] Sync Log:  Synchronization complete at 17:21:09  (1 item transferred, 0 skipped, 0 failed)
[2019-05-31 17:22:55 +0530] Sync Log:  UNISON 2.51.2 (OCAML 4.06.1) started propagating changes at 17:22:54.37 on 31 May 2019
[2019-05-31 17:22:55 +0530] Sync Log:  [BGN] Updating file .DS_Store from /host_sync to /app_sync
[2019-05-31 17:22:55 +0530] Sync Log:  [END] Updating file .DS_Store
[2019-05-31 17:22:55 +0530] Sync Log:  UNISON 2.51.2 (OCAML 4.06.1) finished propagating changes at 17:22:54.37 on 31 May 2019
[2019-05-31 17:22:55 +0530] Sync Log:  Synchronization complete at 17:22:54  (1 item transferred, 0 skipped, 0 failed)
[2019-05-31 17:23:00 +0530] Sync Log:  UNISON 2.51.2 (OCAML 4.06.1) started propagating changes at 17:22:59.96 on 31 May 2019
[2019-05-31 17:23:00 +0530] Sync Log:  [BGN] Copying code/.DS_Store from /host_sync to /app_sync
[2019-05-31 17:23:00 +0530] Sync Log:  [END] Copying code/.DS_Store
[2019-05-31 17:23:00 +0530] Sync Log:  UNISON 2.51.2 (OCAML 4.06.1) finished propagating changes at 17:22:59.96 on 31 May 2019
[2019-05-31 17:23:00 +0530] Sync Log:  Synchronization complete at 17:23:00  (1 item transferred, 0 skipped, 0 failed)
[2019-05-31 17:23:06 +0530] Sync Log:  UNISON 2.51.2 (OCAML 4.06.1) started propagating changes at 17:23:06.06 on 31 May 2019
[2019-05-31 17:23:06 +0530] Sync Log:  [BGN] Updating file code/.DS_Store from /host_sync to /app_sync
[2019-05-31 17:23:06 +0530] Sync Log:  [END] Updating file code/.DS_Store
[2019-05-31 17:23:06 +0530] Sync Log:  UNISON 2.51.2 (OCAML 4.06.1) finished propagating changes at 17:23:06.07 on 31 May 2019
[2019-05-31 17:23:06 +0530] Sync Log:  Synchronization complete at 17:23:06  (1 item transferred, 0 skipped, 0 failed)
[2019-05-31 17:23:44 +0530] Sync Log:  UNISON 2.51.2 (OCAML 4.06.1) started propagating changes at 17:23:43.37 on 31 May 2019
[2019-05-31 17:23:44 +0530] Sync Log:  [BGN] Updating file code/.DS_Store from /host_sync to /app_sync
[2019-05-31 17:23:44 +0530] Sync Log:  [END] Updating file code/.DS_Store
[2019-05-31 17:23:44 +0530] Sync Log:  UNISON 2.51.2 (OCAML 4.06.1) finished propagating changes at 17:23:43.37 on 31 May 2019
[2019-05-31 17:23:44 +0530] Sync Log:  Synchronization complete at 17:23:43  (1 item transferred, 0 skipped, 0 failed)
[2019-05-31 17:24:07 +0530] Sync Log:  UNISON 2.51.2 (OCAML 4.06.1) started propagating changes at 17:24:07.15 on 31 May 2019
[2019-05-31 17:24:07 +0530] Sync Log:  [BGN] Copying code/sites/.DS_Store from /host_sync to /app_sync
[2019-05-31 17:24:07 +0530] Sync Log:  [END] Copying code/sites/.DS_Store
[2019-05-31 17:24:07 +0530] Sync Log:  UNISON 2.51.2 (OCAML 4.06.1) finished propagating changes at 17:24:07.17 on 31 May 2019
[2019-05-31 17:24:07 +0530] Sync Log:  Synchronization complete at 17:24:07  (1 item transferred, 0 skipped, 0 failed)
[2019-05-31 17:24:13 +0530] Sync Log:  UNISON 2.51.2 (OCAML 4.06.1) started propagating changes at 17:24:13.03 on 31 May 2019
[2019-05-31 17:24:13 +0530] Sync Log:  [BGN] Updating file code/sites/.DS_Store from /host_sync to /app_sync
[2019-05-31 17:24:13 +0530] Sync Log:  [END] Updating file code/sites/.DS_Store
[2019-05-31 17:24:13 +0530] Sync Log:  UNISON 2.51.2 (OCAML 4.06.1) finished propagating changes at 17:24:13.04 on 31 May 2019
[2019-05-31 17:24:13 +0530] Sync Log:  Synchronization complete at 17:24:13  (1 item transferred, 0 skipped, 0 failed)
[2019-05-31 17:24:18 +0530] Sync Log:  UNISON 2.51.2 (OCAML 4.06.1) started propagating changes at 17:24:18.09 on 31 May 2019
[2019-05-31 17:24:18 +0530] Sync Log:  [BGN] Copying code/sites/default/.DS_Store from /host_sync to /app_sync
[2019-05-31 17:24:18 +0530] Sync Log:  [END] Copying code/sites/default/.DS_Store
[2019-05-31 17:24:18 +0530] Sync Log:  UNISON 2.51.2 (OCAML 4.06.1) finished propagating changes at 17:24:18.10 on 31 May 2019
[2019-05-31 17:24:18 +0530] Sync Log:  Synchronization complete at 17:24:18  (1 item transferred, 0 skipped, 0 failed)
[2019-05-31 17:24:23 +0530] Sync Log:  UNISON 2.51.2 (OCAML 4.06.1) started propagating changes at 17:24:23.09 on 31 May 2019
[2019-05-31 17:24:23 +0530] Sync Log:  [BGN] Updating file code/sites/default/.DS_Store from /host_sync to /app_sync
[2019-05-31 17:24:23 +0530] Sync Log:  [END] Updating file code/sites/default/.DS_Store
[2019-05-31 17:24:23 +0530] Sync Log:  UNISON 2.51.2 (OCAML 4.06.1) finished propagating changes at 17:24:23.09 on 31 May 2019
[2019-05-31 17:24:23 +0530] Sync Log:  Synchronization complete at 17:24:23  (1 item transferred, 0 skipped, 0 failed)
[2019-05-31 17:24:29 +0530] Sync Log:  UNISON 2.51.2 (OCAML 4.06.1) started propagating changes at 17:24:29.18 on 31 May 2019
[2019-05-31 17:24:29 +0530] Sync Log:  [BGN] Updating file code/sites/default/.DS_Store from /host_sync to /app_sync
[2019-05-31 17:24:29 +0530] Sync Log:  [END] Updating file code/sites/default/.DS_Store
[2019-05-31 17:24:29 +0530] Sync Log:  UNISON 2.51.2 (OCAML 4.06.1) finished propagating changes at 17:24:29.18 on 31 May 2019
[2019-05-31 17:24:29 +0530] Sync Log:  Synchronization complete at 17:24:29  (1 item transferred, 0 skipped, 0 failed)
[2019-05-31 17:27:14 +0530] Sync Log:  UNISON 2.51.2 (OCAML 4.06.1) started propagating changes at 17:27:14.13 on 31 May 2019
[2019-05-31 17:27:14 +0530] Sync Log:  [BGN] Copying code/.git/FETCH_HEAD from /host_sync to /app_sync
[2019-05-31 17:27:14 +0530] Sync Log:  [END] Copying code/.git/FETCH_HEAD
[2019-05-31 17:27:14 +0530] Sync Log:  UNISON 2.51.2 (OCAML 4.06.1) finished propagating changes at 17:27:14.13 on 31 May 2019
[2019-05-31 17:27:14 +0530] Sync Log:  Synchronization complete at 17:27:14  (1 item transferred, 0 skipped, 0 failed)
[2019-05-31 17:27:18 +0530] Sync Log:  UNISON 2.51.2 (OCAML 4.06.1) started propagating changes at 17:27:17.47 on 31 May 2019
[2019-05-31 17:27:18 +0530] Sync Log:  [BGN] Updating file code/.git/FETCH_HEAD from /host_sync to /app_sync
[2019-05-31 17:27:18 +0530] Sync Log:  [END] Updating file code/.git/FETCH_HEAD
[2019-05-31 17:27:18 +0530] Sync Log:  [BGN] Copying code/.git/ORIG_HEAD from /host_sync to /app_sync
[2019-05-31 17:27:18 +0530] Sync Log:  [END] Copying code/.git/ORIG_HEAD
[2019-05-31 17:27:18 +0530] Sync Log:  UNISON 2.51.2 (OCAML 4.06.1) finished propagating changes at 17:27:17.48 on 31 May 2019
[2019-05-31 17:27:18 +0530] Sync Log:  Synchronization complete at 17:27:17  (2 items transferred, 0 skipped, 0 failed)
[2019-05-31 18:14:05 +0530] Sync Log:  Error response from daemon: Bad response from Docker engine
